<?xml version="1.0" encoding="UTF-8"?>
<coverage generated="1780365754603" clover="3.2.0">
  <project timestamp="1780365754604" name="All files">
    <metrics statements="27" coveredstatements="27" conditionals="34" coveredconditionals="34" methods="4" coveredmethods="4" elements="65" coveredelements="65" complexity="0" loc="27" ncloc="27" packages="1" files="1" classes="1"/>
    <file name="aiManager.js" path="E:\Java\projekt\bse-lr1-karnaukh\src\aiManager.js">
      <metrics statements="27" coveredstatements="27" conditionals="34" coveredconditionals="34" methods="4" coveredmethods="4"/>
      <line num="4" count="13" type="cond" truecount="4" falsecount="0"/>
      <line num="5" count="1" type="stmt"/>
      <line num="7" count="12" type="cond" truecount="4" falsecount="0"/>
      <line num="8" count="1" type="stmt"/>
      <line num="10" count="11" type="stmt"/>
      <line num="11" count="11" type="stmt"/>
      <line num="16" count="3" type="cond" truecount="4" falsecount="0"/>
      <line num="17" count="1" type="stmt"/>
      <line num="19" count="2" type="cond" truecount="4" falsecount="0"/>
      <line num="20" count="1" type="stmt"/>
      <line num="22" count="1" type="stmt"/>
      <line num="27" count="3" type="cond" truecount="4" falsecount="0"/>
      <line num="28" count="1" type="stmt"/>
      <line num="30" count="2" type="cond" truecount="2" falsecount="0"/>
      <line num="31" count="1" type="stmt"/>
      <line num="32" count="1" type="stmt"/>
      <line num="34" count="1" type="stmt"/>
      <line num="35" count="1" type="stmt"/>
      <line num="40" count="4" type="cond" truecount="4" falsecount="0"/>
      <line num="41" count="1" type="stmt"/>
      <line num="43" count="3" type="cond" truecount="4" falsecount="0"/>
      <line num="44" count="1" type="stmt"/>
      <line num="47" count="2" type="stmt"/>
      <line num="50" count="2" type="cond" truecount="4" falsecount="0"/>
      <line num="51" count="1" type="stmt"/>
      <line num="54" count="2" type="stmt"/>
      <line num="58" count="1" type="stmt"/>
    </file>
  </project>
</coverage>
