<?xml version="1.0" encoding="UTF-8"?>
<coverage generated="1780375531653" clover="3.2.0">
  <project timestamp="1780375531653" name="All files">
    <metrics statements="21" coveredstatements="21" conditionals="16" coveredconditionals="16" methods="4" coveredmethods="4" elements="41" coveredelements="41" complexity="0" loc="21" ncloc="21" packages="1" files="1" classes="1"/>
    <file name="aiManager.js" path="E:\Java\projekt\bse-lr1-karnaukh\src\aiManager.js">
      <metrics statements="21" coveredstatements="21" conditionals="16" coveredconditionals="16" methods="4" coveredmethods="4"/>
      <line num="2" count="1" type="stmt"/>
      <line num="3" count="1" type="stmt"/>
      <line num="4" count="1" type="stmt"/>
      <line num="8" count="12" type="cond" truecount="2" falsecount="0"/>
      <line num="9" count="11" type="cond" truecount="4" falsecount="0"/>
      <line num="10" count="1" type="stmt"/>
      <line num="12" count="10" type="stmt"/>
      <line num="13" count="10" type="stmt"/>
      <line num="18" count="8" type="cond" truecount="4" falsecount="0"/>
      <line num="19" count="2" type="stmt"/>
      <line num="24" count="3" type="stmt"/>
      <line num="27" count="2" type="cond" truecount="2" falsecount="0"/>
      <line num="29" count="1" type="stmt"/>
      <line num="30" count="1" type="stmt"/>
      <line num="34" count="3" type="stmt"/>
      <line num="35" count="2" type="stmt"/>
      <line num="37" count="2" type="stmt"/>
      <line num="40" count="2" type="cond" truecount="4" falsecount="0"/>
      <line num="41" count="1" type="stmt"/>
      <line num="44" count="2" type="stmt"/>
      <line num="48" count="1" type="stmt"/>
    </file>
  </project>
</coverage>
