{"E:\\Java\\projekt\\bse-lr1-karnaukh\\src\\aiManager.js": {"path":"E:\\Java\\projekt\\bse-lr1-karnaukh\\src\\aiManager.js","statementMap":{"0":{"start":{"line":2,"column":25},"end":{"line":2,"column":29}},"1":{"start":{"line":3,"column":25},"end":{"line":3,"column":26}},"2":{"start":{"line":4,"column":25},"end":{"line":4,"column":27}},"3":{"start":{"line":8,"column":8},"end":{"line":8,"column":59}},"4":{"start":{"line":8,"column":19},"end":{"line":8,"column":59}},"5":{"start":{"line":9,"column":8},"end":{"line":11,"column":9}},"6":{"start":{"line":10,"column":12},"end":{"line":10,"column":64}},"7":{"start":{"line":12,"column":8},"end":{"line":12,"column":25}},"8":{"start":{"line":13,"column":8},"end":{"line":13,"column":29}},"9":{"start":{"line":18,"column":8},"end":{"line":20,"column":9}},"10":{"start":{"line":19,"column":12},"end":{"line":19,"column":65}},"11":{"start":{"line":24,"column":8},"end":{"line":24,"column":55}},"12":{"start":{"line":27,"column":8},"end":{"line":27,"column":47}},"13":{"start":{"line":27,"column":34},"end":{"line":27,"column":47}},"14":{"start":{"line":29,"column":8},"end":{"line":29,"column":30}},"15":{"start":{"line":30,"column":8},"end":{"line":30,"column":20}},"16":{"start":{"line":34,"column":8},"end":{"line":34,"column":59}},"17":{"start":{"line":35,"column":8},"end":{"line":35,"column":55}},"18":{"start":{"line":37,"column":23},"end":{"line":37,"column":50}},"19":{"start":{"line":40,"column":8},"end":{"line":42,"column":9}},"20":{"start":{"line":41,"column":12},"end":{"line":41,"column":41}},"21":{"start":{"line":44,"column":8},"end":{"line":44,"column":33}},"22":{"start":{"line":48,"column":0},"end":{"line":48,"column":27}}},"fnMap":{"0":{"name":"(anonymous_0)","decl":{"start":{"line":7,"column":4},"end":{"line":7,"column":5}},"loc":{"start":{"line":7,"column":30},"end":{"line":14,"column":5}},"line":7},"1":{"name":"(anonymous_1)","decl":{"start":{"line":17,"column":4},"end":{"line":17,"column":5}},"loc":{"start":{"line":17,"column":41},"end":{"line":21,"column":5}},"line":17},"2":{"name":"(anonymous_2)","decl":{"start":{"line":23,"column":4},"end":{"line":23,"column":5}},"loc":{"start":{"line":23,"column":24},"end":{"line":31,"column":5}},"line":23},"3":{"name":"(anonymous_3)","decl":{"start":{"line":33,"column":4},"end":{"line":33,"column":5}},"loc":{"start":{"line":33,"column":36},"end":{"line":45,"column":5}},"line":33}},"branchMap":{"0":{"loc":{"start":{"line":8,"column":8},"end":{"line":8,"column":59}},"type":"if","locations":[{"start":{"line":8,"column":8},"end":{"line":8,"column":59}},{"start":{},"end":{}}],"line":8},"1":{"loc":{"start":{"line":9,"column":8},"end":{"line":11,"column":9}},"type":"if","locations":[{"start":{"line":9,"column":8},"end":{"line":11,"column":9}},{"start":{},"end":{}}],"line":9},"2":{"loc":{"start":{"line":9,"column":12},"end":{"line":9,"column":52}},"type":"binary-expr","locations":[{"start":{"line":9,"column":12},"end":{"line":9,"column":38}},{"start":{"line":9,"column":42},"end":{"line":9,"column":52}}],"line":9},"3":{"loc":{"start":{"line":18,"column":8},"end":{"line":20,"column":9}},"type":"if","locations":[{"start":{"line":18,"column":8},"end":{"line":20,"column":9}},{"start":{},"end":{}}],"line":18},"4":{"loc":{"start":{"line":18,"column":12},"end":{"line":18,"column":51}},"type":"binary-expr","locations":[{"start":{"line":18,"column":12},"end":{"line":18,"column":37}},{"start":{"line":18,"column":41},"end":{"line":18,"column":51}}],"line":18},"5":{"loc":{"start":{"line":27,"column":8},"end":{"line":27,"column":47}},"type":"if","locations":[{"start":{"line":27,"column":8},"end":{"line":27,"column":47}},{"start":{},"end":{}}],"line":27},"6":{"loc":{"start":{"line":40,"column":8},"end":{"line":42,"column":9}},"type":"if","locations":[{"start":{"line":40,"column":8},"end":{"line":42,"column":9}},{"start":{},"end":{}}],"line":40},"7":{"loc":{"start":{"line":40,"column":12},"end":{"line":40,"column":66}},"type":"binary-expr","locations":[{"start":{"line":40,"column":12},"end":{"line":40,"column":35}},{"start":{"line":40,"column":39},"end":{"line":40,"column":66}}],"line":40}},"s":{"0":1,"1":1,"2":1,"3":12,"4":1,"5":11,"6":1,"7":10,"8":10,"9":8,"10":2,"11":3,"12":2,"13":1,"14":1,"15":1,"16":3,"17":2,"18":2,"19":2,"20":1,"21":2,"22":1},"f":{"0":12,"1":8,"2":3,"3":3},"b":{"0":[1,11],"1":[1,10],"2":[11,11],"3":[2,6],"4":[8,7],"5":[1,1],"6":[1,1],"7":[2,2]},"_coverageSchema":"1a1c01bbd47fc00a2c39e90264f33305004495a9","hash":"4b29a98686b0290737705a15b566f33a22e41e5c"}
}
