{"E:\\Java\\projekt\\bse-lr1-karnaukh\\src\\aiManager.js": {"path":"E:\\Java\\projekt\\bse-lr1-karnaukh\\src\\aiManager.js","statementMap":{"0":{"start":{"line":4,"column":8},"end":{"line":6,"column":9}},"1":{"start":{"line":5,"column":12},"end":{"line":5,"column":49}},"2":{"start":{"line":7,"column":8},"end":{"line":9,"column":9}},"3":{"start":{"line":8,"column":12},"end":{"line":8,"column":68}},"4":{"start":{"line":10,"column":8},"end":{"line":10,"column":25}},"5":{"start":{"line":11,"column":8},"end":{"line":11,"column":29}},"6":{"start":{"line":16,"column":8},"end":{"line":18,"column":9}},"7":{"start":{"line":17,"column":12},"end":{"line":17,"column":55}},"8":{"start":{"line":19,"column":8},"end":{"line":21,"column":9}},"9":{"start":{"line":20,"column":12},"end":{"line":20,"column":24}},"10":{"start":{"line":22,"column":8},"end":{"line":22,"column":21}},"11":{"start":{"line":27,"column":8},"end":{"line":29,"column":9}},"12":{"start":{"line":28,"column":12},"end":{"line":28,"column":64}},"13":{"start":{"line":30,"column":8},"end":{"line":33,"column":9}},"14":{"start":{"line":31,"column":12},"end":{"line":31,"column":93}},"15":{"start":{"line":32,"column":12},"end":{"line":32,"column":25}},"16":{"start":{"line":34,"column":8},"end":{"line":34,"column":30}},"17":{"start":{"line":35,"column":8},"end":{"line":35,"column":20}},"18":{"start":{"line":40,"column":8},"end":{"line":42,"column":9}},"19":{"start":{"line":41,"column":12},"end":{"line":41,"column":66}},"20":{"start":{"line":43,"column":8},"end":{"line":45,"column":9}},"21":{"start":{"line":44,"column":12},"end":{"line":44,"column":64}},"22":{"start":{"line":47,"column":23},"end":{"line":47,"column":36}},"23":{"start":{"line":50,"column":8},"end":{"line":52,"column":9}},"24":{"start":{"line":51,"column":12},"end":{"line":51,"column":29}},"25":{"start":{"line":54,"column":8},"end":{"line":54,"column":33}},"26":{"start":{"line":58,"column":0},"end":{"line":58,"column":27}}},"fnMap":{"0":{"name":"(anonymous_0)","decl":{"start":{"line":3,"column":4},"end":{"line":3,"column":5}},"loc":{"start":{"line":3,"column":30},"end":{"line":12,"column":5}},"line":3},"1":{"name":"(anonymous_1)","decl":{"start":{"line":15,"column":4},"end":{"line":15,"column":5}},"loc":{"start":{"line":15,"column":24},"end":{"line":23,"column":5}},"line":15},"2":{"name":"(anonymous_2)","decl":{"start":{"line":26,"column":4},"end":{"line":26,"column":5}},"loc":{"start":{"line":26,"column":24},"end":{"line":36,"column":5}},"line":26},"3":{"name":"(anonymous_3)","decl":{"start":{"line":39,"column":4},"end":{"line":39,"column":5}},"loc":{"start":{"line":39,"column":36},"end":{"line":55,"column":5}},"line":39}},"branchMap":{"0":{"loc":{"start":{"line":4,"column":8},"end":{"line":6,"column":9}},"type":"if","locations":[{"start":{"line":4,"column":8},"end":{"line":6,"column":9}},{"start":{},"end":{}}],"line":4},"1":{"loc":{"start":{"line":4,"column":12},"end":{"line":4,"column":58}},"type":"binary-expr","locations":[{"start":{"line":4,"column":12},"end":{"line":4,"column":36}},{"start":{"line":4,"column":40},"end":{"line":4,"column":58}}],"line":4},"2":{"loc":{"start":{"line":7,"column":8},"end":{"line":9,"column":9}},"type":"if","locations":[{"start":{"line":7,"column":8},"end":{"line":9,"column":9}},{"start":{},"end":{}}],"line":7},"3":{"loc":{"start":{"line":7,"column":12},"end":{"line":7,"column":52}},"type":"binary-expr","locations":[{"start":{"line":7,"column":12},"end":{"line":7,"column":38}},{"start":{"line":7,"column":42},"end":{"line":7,"column":52}}],"line":7},"4":{"loc":{"start":{"line":16,"column":8},"end":{"line":18,"column":9}},"type":"if","locations":[{"start":{"line":16,"column":8},"end":{"line":18,"column":9}},{"start":{},"end":{}}],"line":16},"5":{"loc":{"start":{"line":16,"column":12},"end":{"line":16,"column":56}},"type":"binary-expr","locations":[{"start":{"line":16,"column":12},"end":{"line":16,"column":35}},{"start":{"line":16,"column":39},"end":{"line":16,"column":56}}],"line":16},"6":{"loc":{"start":{"line":19,"column":8},"end":{"line":21,"column":9}},"type":"if","locations":[{"start":{"line":19,"column":8},"end":{"line":21,"column":9}},{"start":{},"end":{}}],"line":19},"7":{"loc":{"start":{"line":19,"column":12},"end":{"line":19,"column":53}},"type":"binary-expr","locations":[{"start":{"line":19,"column":12},"end":{"line":19,"column":33}},{"start":{"line":19,"column":37},"end":{"line":19,"column":53}}],"line":19},"8":{"loc":{"start":{"line":27,"column":8},"end":{"line":29,"column":9}},"type":"if","locations":[{"start":{"line":27,"column":8},"end":{"line":29,"column":9}},{"start":{},"end":{}}],"line":27},"9":{"loc":{"start":{"line":27,"column":12},"end":{"line":27,"column":53}},"type":"binary-expr","locations":[{"start":{"line":27,"column":12},"end":{"line":27,"column":38}},{"start":{"line":27,"column":42},"end":{"line":27,"column":53}}],"line":27},"10":{"loc":{"start":{"line":30,"column":8},"end":{"line":33,"column":9}},"type":"if","locations":[{"start":{"line":30,"column":8},"end":{"line":33,"column":9}},{"start":{},"end":{}}],"line":30},"11":{"loc":{"start":{"line":40,"column":8},"end":{"line":42,"column":9}},"type":"if","locations":[{"start":{"line":40,"column":8},"end":{"line":42,"column":9}},{"start":{},"end":{}}],"line":40},"12":{"loc":{"start":{"line":40,"column":12},"end":{"line":40,"column":57}},"type":"binary-expr","locations":[{"start":{"line":40,"column":12},"end":{"line":40,"column":40}},{"start":{"line":40,"column":44},"end":{"line":40,"column":57}}],"line":40},"13":{"loc":{"start":{"line":43,"column":8},"end":{"line":45,"column":9}},"type":"if","locations":[{"start":{"line":43,"column":8},"end":{"line":45,"column":9}},{"start":{},"end":{}}],"line":43},"14":{"loc":{"start":{"line":43,"column":12},"end":{"line":43,"column":53}},"type":"binary-expr","locations":[{"start":{"line":43,"column":12},"end":{"line":43,"column":38}},{"start":{"line":43,"column":42},"end":{"line":43,"column":53}}],"line":43},"15":{"loc":{"start":{"line":50,"column":8},"end":{"line":52,"column":9}},"type":"if","locations":[{"start":{"line":50,"column":8},"end":{"line":52,"column":9}},{"start":{},"end":{}}],"line":50},"16":{"loc":{"start":{"line":50,"column":12},"end":{"line":50,"column":51}},"type":"binary-expr","locations":[{"start":{"line":50,"column":12},"end":{"line":50,"column":35}},{"start":{"line":50,"column":39},"end":{"line":50,"column":51}}],"line":50}},"s":{"0":13,"1":1,"2":12,"3":1,"4":11,"5":11,"6":3,"7":1,"8":2,"9":1,"10":1,"11":3,"12":1,"13":2,"14":1,"15":1,"16":1,"17":1,"18":4,"19":1,"20":3,"21":1,"22":2,"23":2,"24":1,"25":2,"26":1},"f":{"0":13,"1":3,"2":3,"3":4},"b":{"0":[1,12],"1":[13,13],"2":[1,11],"3":[12,12],"4":[1,2],"5":[3,3],"6":[1,1],"7":[2,1],"8":[1,2],"9":[3,2],"10":[1,1],"11":[1,3],"12":[4,4],"13":[1,2],"14":[3,3],"15":[1,1],"16":[2,2]},"_coverageSchema":"1a1c01bbd47fc00a2c39e90264f33305004495a9","hash":"66aa1d5a83345c72e496a03be76d2e0ccab950fa"}
}
