TN:
SF:bse-lr1-karnaukh\src\aiManager.js
FN:3,(anonymous_0)
FN:15,(anonymous_1)
FN:26,(anonymous_2)
FN:39,(anonymous_3)
FNF:4
FNH:4
FNDA:13,(anonymous_0)
FNDA:3,(anonymous_1)
FNDA:3,(anonymous_2)
FNDA:4,(anonymous_3)
DA:4,13
DA:5,1
DA:7,12
DA:8,1
DA:10,11
DA:11,11
DA:16,3
DA:17,1
DA:19,2
DA:20,1
DA:22,1
DA:27,3
DA:28,1
DA:30,2
DA:31,1
DA:32,1
DA:34,1
DA:35,1
DA:40,4
DA:41,1
DA:43,3
DA:44,1
DA:47,2
DA:50,2
DA:51,1
DA:54,2
DA:58,1
LF:27
LH:27
BRDA:4,0,0,1
BRDA:4,0,1,12
BRDA:4,1,0,13
BRDA:4,1,1,13
BRDA:7,2,0,1
BRDA:7,2,1,11
BRDA:7,3,0,12
BRDA:7,3,1,12
BRDA:16,4,0,1
BRDA:16,4,1,2
BRDA:16,5,0,3
BRDA:16,5,1,3
BRDA:19,6,0,1
BRDA:19,6,1,1
BRDA:19,7,0,2
BRDA:19,7,1,1
BRDA:27,8,0,1
BRDA:27,8,1,2
BRDA:27,9,0,3
BRDA:27,9,1,2
BRDA:30,10,0,1
BRDA:30,10,1,1
BRDA:40,11,0,1
BRDA:40,11,1,3
BRDA:40,12,0,4
BRDA:40,12,1,4
BRDA:43,13,0,1
BRDA:43,13,1,2
BRDA:43,14,0,3
BRDA:43,14,1,3
BRDA:50,15,0,1
BRDA:50,15,1,1
BRDA:50,16,0,2
BRDA:50,16,1,2
BRF:34
BRH:34
end_of_record
