TN:
SF:bse-lr1-karnaukh\src\aiManager.js
FN:7,(anonymous_0)
FN:17,(anonymous_1)
FN:23,(anonymous_2)
FN:33,(anonymous_3)
FNF:4
FNH:4
FNDA:12,(anonymous_0)
FNDA:8,(anonymous_1)
FNDA:3,(anonymous_2)
FNDA:3,(anonymous_3)
DA:2,1
DA:3,1
DA:4,1
DA:8,12
DA:9,11
DA:10,1
DA:12,10
DA:13,10
DA:18,8
DA:19,2
DA:24,3
DA:27,2
DA:29,1
DA:30,1
DA:34,3
DA:35,2
DA:37,2
DA:40,2
DA:41,1
DA:44,2
DA:48,1
LF:21
LH:21
BRDA:8,0,0,1
BRDA:8,0,1,11
BRDA:9,1,0,1
BRDA:9,1,1,10
BRDA:9,2,0,11
BRDA:9,2,1,11
BRDA:18,3,0,2
BRDA:18,3,1,6
BRDA:18,4,0,8
BRDA:18,4,1,7
BRDA:27,5,0,1
BRDA:27,5,1,1
BRDA:40,6,0,1
BRDA:40,6,1,1
BRDA:40,7,0,2
BRDA:40,7,1,2
BRF:16
BRH:16
end_of_record
